#
# A fatal error has been detected by the Java Runtime Environment:
#
#  SIGSEGV (0xb) at pc=0x0000000124e36867, pid=61531, tid=80387
#
# JRE version: Java(TM) SE Runtime Environment (9.0+11) (build 9.0.1+11)
# Java VM: Java HotSpot(TM) 64-Bit Server VM (9.0.1+11, mixed mode, tiered, compressed oops, g1 gc, bsd-amd64)
# Problematic frame:
# C  [libawt_lwawt.dylib+0x1c867]  OGLSD_SetScratchSurface+0x1f
#
# No core dump will be written. Core dumps have been disabled. To enable core dumping, try "ulimit -c unlimited" before starting Java again
#
# If you would like to submit a bug report, please visit:
#   http://bugreport.java.com/bugreport/crash.jsp
# The crash happened outside the Java Virtual Machine in native code.
# See problematic frame for where to report the bug.
#

---------------  S U M M A R Y ------------

Command Line: -agentlib:jdwp=transport=dt_socket,address=127.0.0.1:52822,suspend=y,server=n -javaagent:/Users/Binh.Nguyen/Library/Caches/IntelliJIdea2018.1/captureAgent/debugger-agent.jar=file:/private/var/folders/c_/21zj73b14msgxcm9kxxr5_g80000gp/T/capture.props -Dfile.encoding=UTF-8 hcmus.App

Host: MacBookPro14,1 x86_64 2300 MHz, 4 cores, 8G, Darwin 17.5.0
Time: Thu Jul 12 10:43:23 2018 +07 elapsed time: 2448 seconds (0d 0h 40m 48s)

---------------  T H R E A D  ---------------

Current thread (0x00007fcd94109000):  JavaThread "Java2D Queue Flusher" daemon [_thread_in_native, id=80387, stack(0x000070000f93c000,0x000070000fa3c000)]

Stack: [0x000070000f93c000,0x000070000fa3c000],  sp=0x000070000fa3b7b0,  free space=1021k
Native frames: (J=compiled Java code, A=aot compiled Java code, j=interpreted, Vv=VM code, C=native code)
C  [libawt_lwawt.dylib+0x1c867]  OGLSD_SetScratchSurface+0x1f
C  [libawt_lwawt.dylib+0x41f83]  Java_sun_java2d_opengl_OGLRenderQueue_flushBuffer+0x643
j  sun.java2d.opengl.OGLRenderQueue.flushBuffer(JI)V+0 java.desktop@9.0.1
j  sun.java2d.opengl.OGLRenderQueue.flushBuffer()V+21 java.desktop@9.0.1
j  sun.java2d.opengl.OGLRenderQueue.access$200(Lsun/java2d/opengl/OGLRenderQueue;)V+1 java.desktop@9.0.1
j  sun.java2d.opengl.OGLRenderQueue$QueueFlusher.run()V+81 java.desktop@9.0.1
j  java.lang.Thread.run()V+11 java.base@9.0.1
v  ~StubRoutines::call_stub
V  [libjvm.dylib+0x3a270d]  JavaCalls::call_helper(JavaValue*, methodHandle const&, JavaCallArguments*, Thread*)+0x2b5
V  [libjvm.dylib+0x3a1c25]  JavaCalls::call_virtual(JavaValue*, KlassHandle, Symbol*, Symbol*, JavaCallArguments*, Thread*)+0x13f
V  [libjvm.dylib+0x3a1cf2]  JavaCalls::call_virtual(JavaValue*, Handle, KlassHandle, Symbol*, Symbol*, Thread*)+0x6a
V  [libjvm.dylib+0x4184c8]  thread_entry(JavaThread*, Thread*)+0x77
V  [libjvm.dylib+0x6f7810]  JavaThread::thread_main_inner()+0x86
V  [libjvm.dylib+0x5ef563]  thread_native_entry(Thread*)+0x12b
C  [libsystem_pthread.dylib+0x3661]  _pthread_body+0x154
C  [libsystem_pthread.dylib+0x350d]  _pthread_body+0x0
C  [libsystem_pthread.dylib+0x2bf9]  thread_start+0xd
C  0x0000000000000000

Java frames: (J=compiled Java code, j=interpreted, Vv=VM code)
j  sun.java2d.opengl.OGLRenderQueue.flushBuffer(JI)V+0 java.desktop@9.0.1
j  sun.java2d.opengl.OGLRenderQueue.flushBuffer()V+21 java.desktop@9.0.1
j  sun.java2d.opengl.OGLRenderQueue.access$200(Lsun/java2d/opengl/OGLRenderQueue;)V+1 java.desktop@9.0.1
j  sun.java2d.opengl.OGLRenderQueue$QueueFlusher.run()V+81 java.desktop@9.0.1
j  java.lang.Thread.run()V+11 java.base@9.0.1
v  ~StubRoutines::call_stub

siginfo: si_signo: 11 (SIGSEGV), si_code: 1 (SEGV_MAPERR), si_addr: 0x0000000000000002

Register to memory mapping:

RAX=0x0000000124e5bf5b: Java_sun_java2d_opengl_OGLRenderQueue_flushBuffer+0x61b in /Library/Java/JavaVirtualMachines/jdk-9.0.1.jdk/Contents/Home/lib/libawt_lwawt.dylib at 0x0000000124e1a000
RBX=0x00007fcd94af5010 is an unknown value
RCX=0x0000000000000047 is an unknown value
RDX=0x00007fcd94af5000 is an unknown value
RSP=0x000070000fa3b7b0 is pointing into the stack for thread: 0x00007fcd94109000
RBP=0x000070000fa3b7e0 is pointing into the stack for thread: 0x00007fcd94109000
RSI=0x00007fcd92e68010 is an unknown value
RDI=0x00007fcd94109218 is an unknown value
R8 =0x000000000000744a is an unknown value
R9 =0x0000000101343ea0: _ZN2os16_processor_countE+0 in /Library/Java/JavaVirtualMachines/jdk-9.0.1.jdk/Contents/Home/lib/server/libjvm.dylib at 0x0000000100a00000
R10=0x000000010cea0d2a is at code_begin+1610 in an Interpreter codelet
method entry point (kind = native)  [0x000000010cea06e0, 0x000000010cea1740]  4192 bytes
R11=0x0000000000000102 is an unknown value
R12=0x00007fcd94af5008 is an unknown value
R13=0x0000000000000002 is an unknown value
R14=0x000070000fa3b918 is pointing into the stack for thread: 0x00007fcd94109000
R15=0x00007fcd94109218 is an unknown value


Registers:
RAX=0x0000000124e5bf5b, RBX=0x00007fcd94af5010, RCX=0x0000000000000047, RDX=0x00007fcd94af5000
RSP=0x000070000fa3b7b0, RBP=0x000070000fa3b7e0, RSI=0x00007fcd92e68010, RDI=0x00007fcd94109218
R8 =0x000000000000744a, R9 =0x0000000101343ea0, R10=0x000000010cea0d2a, R11=0x0000000000000102
R12=0x00007fcd94af5008, R13=0x0000000000000002, R14=0x000070000fa3b918, R15=0x00007fcd94109218
RIP=0x0000000124e36867, EFLAGS=0x0000000000010202, ERR=0x0000000000000004
  TRAPNO=0x000000000000000e

Top of Stack: (sp=0x000070000fa3b7b0)
0x000070000fa3b7b0:   0000000124e5bf5b 00007fcd94af5010
0x000070000fa3b7c0:   00007fcd94af5008 00007fcd94af5020
0x000070000fa3b7d0:   000070000fa3b918 00007fcd92e68010
0x000070000fa3b7e0:   000070000fa3b860 0000000124e5bf83
0x000070000fa3b7f0:   000000010fa3b898 0000000000000064
0x000070000fa3b800:   000000020fa3b820 0000000000000000
0x000070000fa3b810:   0000000094109000 00007fcd94109000
0x000070000fa3b820:   0000000000000000 0000000000000000
0x000070000fa3b830:   00007fcd94109218 0000000128b927a8
0x000070000fa3b840:   0000000000000000 0000000128b927a8
0x000070000fa3b850:   000070000fa3b918 00007fcd94109000
0x000070000fa3b860:   000070000fa3b8e0 000000010cea0d56
0x000070000fa3b870:   0000000000000000 0000000000000000
0x000070000fa3b880:   000070000fa3b890 0000000101116e0e
0x000070000fa3b890:   000070000fa3b8b0 000070000fa3b898
0x000070000fa3b8a0:   0000000000000000 000070000fa3b918
0x000070000fa3b8b0:   0000000128b93a00 0000000000000000
0x000070000fa3b8c0:   0000000744a88cc0 0000000128b927a8
0x000070000fa3b8d0:   0000000000000000 000070000fa3b900
0x000070000fa3b8e0:   000070000fa3b968 000000010ce8c4e3
0x000070000fa3b8f0:   0000000000000000 000000010ce9c2b8
0x000070000fa3b900:   0000000000000020 00007fcd94af5000
0x000070000fa3b910:   0000000000000000 0000000744ad1e38
0x000070000fa3b920:   000070000fa3b920 0000000128b92855
0x000070000fa3b930:   000070000fa3b980 0000000128b93a00
0x000070000fa3b940:   0000000000000000 0000000744a88cc0
0x000070000fa3b950:   0000000128b92890 000070000fa3b900
0x000070000fa3b960:   000070000fa3b980 000070000fa3b9d0
0x000070000fa3b970:   000000010ce8c4e3 0000000000000020
0x000070000fa3b980:   0000000744ad1e38 000070000fa3b988
0x000070000fa3b990:   0000000128b92a61 000070000fa3b9e0
0x000070000fa3b9a0:   0000000128b93a00 0000000000000000 

Instructions: (pc=0x0000000124e36867)
0x0000000124e36847:   c3 55 48 89 e5 41 57 41 56 41 55 41 54 53 50 49
0x0000000124e36857:   89 ff 48 85 f6 74 57 4c 8b 6e 10 4d 85 ed 74 57
0x0000000124e36867:   49 8b 5d 00 31 c0 e8 e8 f1 02 00 49 89 c6 48 8b
0x0000000124e36877:   3b 48 8b 35 c9 73 06 00 ff 15 9b ac 05 00 48 85 


---------------  P R O C E S S  ---------------

Java Threads: ( => current thread )
  0x00007fcd98047000 JavaThread "Thread-6" [_thread_in_Java, id=27655, stack(0x0000700010154000,0x0000700010254000)]
  0x00007fcd98046000 JavaThread "Thread-4" [_thread_in_Java, id=69935, stack(0x000070000ff4e000,0x000070001004e000)]
  0x00007fcd970ef000 JavaThread "Thread-2" [_thread_in_Java, id=43919, stack(0x000070000fd48000,0x000070000fe48000)]
  0x00007fcd9803a800 JavaThread "TimerQueue" daemon [_thread_blocked, id=16199, stack(0x000070000f5aa000,0x000070000f6aa000)]
  0x00007fcd945cf800 JavaThread "Thread-0" [_thread_in_native, id=58387, stack(0x000070000fc45000,0x000070000fd45000)]
  0x00007fcd945fb000 JavaThread "AWT-EventQueue-0" [_thread_blocked, id=54807, stack(0x000070000fb42000,0x000070000fc42000)]
  0x00007fcd946a9800 JavaThread "Java2D Disposer" daemon [_thread_blocked, id=74759, stack(0x000070000fa3f000,0x000070000fb3f000)]
=>0x00007fcd94109000 JavaThread "Java2D Queue Flusher" daemon [_thread_in_native, id=80387, stack(0x000070000f93c000,0x000070000fa3c000)]
  0x00007fcd941a6000 JavaThread "AWT-Shutdown" [_thread_blocked, id=34091, stack(0x000070000f6b0000,0x000070000f7b0000)]
  0x00007fcd932d3800 JavaThread "AppKit Thread" daemon [_thread_in_native, id=775, stack(0x00007ffeef2d4000,0x00007ffeefad4000)]
  0x00007fcd94803800 JavaThread "Service Thread" daemon [_thread_blocked, id=40707, stack(0x000070000f3a4000,0x000070000f4a4000)]
  0x00007fcd93865800 JavaThread "JDWP Command Reader" daemon [_thread_in_native, id=40963, stack(0x000070000f2a1000,0x000070000f3a1000)]
  0x00007fcd93864800 JavaThread "JDWP Event Helper Thread" daemon [_thread_blocked, id=22787, stack(0x000070000f19e000,0x000070000f29e000)]
  0x00007fcd93863800 JavaThread "JDWP Transport Listener: dt_socket" daemon [_thread_blocked, id=41223, stack(0x000070000f09b000,0x000070000f19b000)]
  0x00007fcd93074000 JavaThread "Common-Cleaner" daemon [_thread_blocked, id=22275, stack(0x000070000ef98000,0x000070000f098000)]
  0x00007fcd9401c000 JavaThread "Sweeper thread" daemon [_thread_blocked, id=22019, stack(0x000070000ee95000,0x000070000ef95000)]
  0x00007fcd9401b000 JavaThread "C1 CompilerThread2" daemon [_thread_in_native, id=42243, stack(0x000070000ed92000,0x000070000ee92000)]
  0x00007fcd94005800 JavaThread "C2 CompilerThread1" daemon [_thread_blocked, id=42755, stack(0x000070000ec8f000,0x000070000ed8f000)]
  0x00007fcd94890800 JavaThread "C2 CompilerThread0" daemon [_thread_blocked, id=43267, stack(0x000070000eb8c000,0x000070000ec8c000)]
  0x00007fcd94890000 JavaThread "Signal Dispatcher" daemon [_thread_blocked, id=16387, stack(0x000070000ea89000,0x000070000eb89000)]
  0x00007fcd93072800 JavaThread "Finalizer" daemon [_thread_blocked, id=18947, stack(0x000070000e986000,0x000070000ea86000)]
  0x00007fcd94014000 JavaThread "Reference Handler" daemon [_thread_blocked, id=19459, stack(0x000070000e883000,0x000070000e983000)]
  0x00007fcd94007000 JavaThread "main" [_thread_in_native, id=6403, stack(0x000070000db5c000,0x000070000dc5c000)]

Other Threads:
  0x00007fcd94819800 VMThread "VM Thread" [stack: 0x000070000e780000,0x000070000e880000] [id=14851]
  0x00007fcd93810000 WatcherThread [stack: 0x000070000f4a7000,0x000070000f5a7000] [id=23555]
  0x00007fcd93806000 GCTaskThread "GC Thread#0" [stack: 0x000070000dc5f000,0x000070000dd5f000] [id=10755]
  0x00007fcd93806800 GCTaskThread "GC Thread#1" [stack: 0x000070000dd62000,0x000070000de62000] [id=21507]
  0x00007fcd93807000 GCTaskThread "GC Thread#2" [stack: 0x000070000de65000,0x000070000df65000] [id=11267]
  0x00007fcd93808000 GCTaskThread "GC Thread#3" [stack: 0x000070000df68000,0x000070000e068000] [id=11779]
  0x00007fcd9302f800 ConcurrentGCThread "G1 Main Marker" [stack: 0x000070000e57a000,0x000070000e67a000] [id=13571]
  0x00007fcd93030800 ConcurrentGCThread "G1 Marker#0" [stack: 0x000070000e67d000,0x000070000e77d000] [id=14595]
  0x00007fcd9300a000 ConcurrentGCThread "G1 Refine#0" [stack: 0x000070000e374000,0x000070000e474000] [id=20227]
  0x00007fcd93009800 ConcurrentGCThread "G1 Refine#1" [stack: 0x000070000e271000,0x000070000e371000] [id=12547]
  0x00007fcd93008800 ConcurrentGCThread "G1 Refine#2" [stack: 0x000070000e16e000,0x000070000e26e000] [id=20483]
  0x00007fcd93003800 ConcurrentGCThread "G1 Refine#3" [stack: 0x000070000e06b000,0x000070000e16b000] [id=20995]
  0x00007fcd9300b000 ConcurrentGCThread "G1 Young RemSet Sampling" [stack: 0x000070000e477000,0x000070000e577000] [id=19971]

Threads with active compile tasks:
C1 CompilerThread21662       3       sun.java2d.pipe.RenderQueue::ensureCapacityAndAlignment (13 bytes)

VM state:not at safepoint (normal execution)

VM Mutex/Monitor currently owned by a thread: None

Heap address: 0x0000000740000000, size: 2048 MB, Compressed Oops mode: Zero based, Oop shift amount: 3
Narrow klass base: 0x0000000000000000, Narrow klass shift: 3
Compressed class space size: 1073741824 Address: 0x00000007c0000000

Heap:
 garbage-first heap   total 135168K, used 43452K [0x0000000740000000, 0x0000000740100420, 0x00000007c0000000)
  region size 1024K, 45 young (46080K), 4 survivors (4096K)
 Metaspace       used 16008K, capacity 16922K, committed 17024K, reserved 1064960K
  class space    used 1693K, capacity 1893K, committed 1920K, reserved 1048576K
Heap Regions: E=young(eden), S=young(survivor), O=old, HS=humongous(starts), HC=humongous(continues), CS=collection set, F=free, A=archive, TS=gc time stamp, AC=allocation context, TAMS=top-at-mark-start (previous, next)
|   0|0x0000000740000000, 0x000000074004ba00, 0x0000000740100000| 29%| O|  |TS  5|AC  0|TAMS 0x0000000740000000, 0x0000000740000000|
|   1|0x0000000740100000, 0x0000000740100000, 0x0000000740200000|  0%| F|  |TS  5|AC  0|TAMS 0x0000000740100000, 0x0000000740100000|
|   2|0x0000000740200000, 0x0000000740200000, 0x0000000740300000|  0%| F|  |TS  5|AC  0|TAMS 0x0000000740200000, 0x0000000740200000|
|   3|0x0000000740300000, 0x0000000740300000, 0x0000000740400000|  0%| F|  |TS  5|AC  0|TAMS 0x0000000740300000, 0x0000000740300000|
|   4|0x0000000740400000, 0x0000000740400000, 0x0000000740500000|  0%| F|  |TS  5|AC  0|TAMS 0x0000000740400000, 0x0000000740400000|
|   5|0x0000000740500000, 0x0000000740500000, 0x0000000740600000|  0%| F|  |TS  5|AC  0|TAMS 0x0000000740500000, 0x0000000740500000|
|   6|0x0000000740600000, 0x0000000740600000, 0x0000000740700000|  0%| F|  |TS  5|AC  0|TAMS 0x0000000740600000, 0x0000000740600000|
|   7|0x0000000740700000, 0x0000000740700000, 0x0000000740800000|  0%| F|  |TS  5|AC  0|TAMS 0x0000000740700000, 0x0000000740700000|
|   8|0x0000000740800000, 0x0000000740800000, 0x0000000740900000|  0%| F|  |TS  5|AC  0|TAMS 0x0000000740800000, 0x0000000740800000|
|   9|0x0000000740900000, 0x0000000740900000, 0x0000000740a00000|  0%| F|  |TS  5|AC  0|TAMS 0x0000000740900000, 0x0000000740900000|
|  10|0x0000000740a00000, 0x0000000740a00000, 0x0000000740b00000|  0%| F|  |TS  5|AC  0|TAMS 0x0000000740a00000, 0x0000000740a00000|
|  11|0x0000000740b00000, 0x0000000740b00000, 0x0000000740c00000|  0%| F|  |TS  5|AC  0|TAMS 0x0000000740b00000, 0x0000000740b00000|
|  12|0x0000000740c00000, 0x0000000740c00000, 0x0000000740d00000|  0%| F|  |TS  5|AC  0|TAMS 0x0000000740c00000, 0x0000000740c00000|
|  13|0x0000000740d00000, 0x0000000740d00000, 0x0000000740e00000|  0%| F|  |TS  5|AC  0|TAMS 0x0000000740d00000, 0x0000000740d00000|
|  14|0x0000000740e00000, 0x0000000740e00000, 0x0000000740f00000|  0%| F|  |TS  5|AC  0|TAMS 0x0000000740e00000, 0x0000000740e00000|
|  15|0x0000000740f00000, 0x0000000740f00000, 0x0000000741000000|  0%| F|  |TS  5|AC  0|TAMS 0x0000000740f00000, 0x0000000740f00000|
|  16|0x0000000741000000, 0x0000000741000000, 0x0000000741100000|  0%| F|  |TS  5|AC  0|TAMS 0x0000000741000000, 0x0000000741000000|
|  17|0x0000000741100000, 0x0000000741100000, 0x0000000741200000|  0%| F|  |TS  5|AC  0|TAMS 0x0000000741100000, 0x0000000741100000|
|  18|0x0000000741200000, 0x0000000741200000, 0x0000000741300000|  0%| F|  |TS  5|AC  0|TAMS 0x0000000741200000, 0x0000000741200000|
|  19|0x0000000741300000, 0x0000000741300000, 0x0000000741400000|  0%| F|  |TS  5|AC  0|TAMS 0x0000000741300000, 0x0000000741300000|
|  20|0x0000000741400000, 0x0000000741400000, 0x0000000741500000|  0%| F|  |TS  5|AC  0|TAMS 0x0000000741400000, 0x0000000741400000|
|  21|0x0000000741500000, 0x0000000741500000, 0x0000000741600000|  0%| F|  |TS  5|AC  0|TAMS 0x0000000741500000, 0x0000000741500000|
|  22|0x0000000741600000, 0x0000000741600000, 0x0000000741700000|  0%| F|  |TS  5|AC  0|TAMS 0x0000000741600000, 0x0000000741600000|
|  23|0x0000000741700000, 0x0000000741700000, 0x0000000741800000|  0%| F|  |TS  5|AC  0|TAMS 0x0000000741700000, 0x0000000741700000|
|  24|0x0000000741800000, 0x0000000741800000, 0x0000000741900000|  0%| F|  |TS  5|AC  0|TAMS 0x0000000741800000, 0x0000000741800000|
|  25|0x0000000741900000, 0x0000000741900000, 0x0000000741a00000|  0%| F|  |TS  5|AC  0|TAMS 0x0000000741900000, 0x0000000741900000|
|  26|0x0000000741a00000, 0x0000000741a00000, 0x0000000741b00000|  0%| F|  |TS  5|AC  0|TAMS 0x0000000741a00000, 0x0000000741a00000|
|  27|0x0000000741b00000, 0x0000000741b00000, 0x0000000741c00000|  0%| F|  |TS  5|AC  0|TAMS 0x0000000741b00000, 0x0000000741b00000|
|  28|0x0000000741c00000, 0x0000000741c00000, 0x0000000741d00000|  0%| F|  |TS  5|AC  0|TAMS 0x0000000741c00000, 0x0000000741c00000|
|  29|0x0000000741d00000, 0x0000000741d00000, 0x0000000741e00000|  0%| F|  |TS  5|AC  0|TAMS 0x0000000741d00000, 0x0000000741d00000|
|  30|0x0000000741e00000, 0x0000000741e00000, 0x0000000741f00000|  0%| F|  |TS  5|AC  0|TAMS 0x0000000741e00000, 0x0000000741e00000|
|  31|0x0000000741f00000, 0x0000000741f00000, 0x0000000742000000|  0%| F|  |TS  5|AC  0|TAMS 0x0000000741f00000, 0x0000000741f00000|
|  32|0x0000000742000000, 0x0000000742000000, 0x0000000742100000|  0%| F|  |TS  5|AC  0|TAMS 0x0000000742000000, 0x0000000742000000|
|  33|0x0000000742100000, 0x0000000742100000, 0x0000000742200000|  0%| F|  |TS  5|AC  0|TAMS 0x0000000742100000, 0x0000000742100000|
|  34|0x0000000742200000, 0x0000000742200000, 0x0000000742300000|  0%| F|  |TS  5|AC  0|TAMS 0x0000000742200000, 0x0000000742200000|
|  35|0x0000000742300000, 0x0000000742300000, 0x0000000742400000|  0%| F|  |TS  5|AC  0|TAMS 0x0000000742300000, 0x0000000742300000|
|  36|0x0000000742400000, 0x0000000742400000, 0x0000000742500000|  0%| F|  |TS  5|AC  0|TAMS 0x0000000742400000, 0x0000000742400000|
|  37|0x0000000742500000, 0x0000000742500000, 0x0000000742600000|  0%| F|  |TS  5|AC  0|TAMS 0x0000000742500000, 0x0000000742500000|
|  38|0x0000000742600000, 0x0000000742600000, 0x0000000742700000|  0%| F|  |TS  5|AC  0|TAMS 0x0000000742600000, 0x0000000742600000|
|  39|0x0000000742700000, 0x0000000742700000, 0x0000000742800000|  0%| F|  |TS  5|AC  0|TAMS 0x0000000742700000, 0x0000000742700000|
|  40|0x0000000742800000, 0x0000000742800000, 0x0000000742900000|  0%| F|  |TS  5|AC  0|TAMS 0x0000000742800000, 0x0000000742800000|
|  41|0x0000000742900000, 0x0000000742900000, 0x0000000742a00000|  0%| F|  |TS  5|AC  0|TAMS 0x0000000742900000, 0x0000000742900000|
|  42|0x0000000742a00000, 0x0000000742a00000, 0x0000000742b00000|  0%| F|  |TS  5|AC  0|TAMS 0x0000000742a00000, 0x0000000742a00000|
|  43|0x0000000742b00000, 0x0000000742b00000, 0x0000000742c00000|  0%| F|  |TS  5|AC  0|TAMS 0x0000000742b00000, 0x0000000742b00000|
|  44|0x0000000742c00000, 0x0000000742c00000, 0x0000000742d00000|  0%| F|  |TS  5|AC  0|TAMS 0x0000000742c00000, 0x0000000742c00000|
|  45|0x0000000742d00000, 0x0000000742d00000, 0x0000000742e00000|  0%| F|  |TS  5|AC  0|TAMS 0x0000000742d00000, 0x0000000742d00000|
|  46|0x0000000742e00000, 0x0000000742e00000, 0x0000000742f00000|  0%| F|  |TS  5|AC  0|TAMS 0x0000000742e00000, 0x0000000742e00000|
|  47|0x0000000742f00000, 0x0000000742f00000, 0x0000000743000000|  0%| F|  |TS  5|AC  0|TAMS 0x0000000742f00000, 0x0000000742f00000|
|  48|0x0000000743000000, 0x0000000743000000, 0x0000000743100000|  0%| F|  |TS  5|AC  0|TAMS 0x0000000743000000, 0x0000000743000000|
|  49|0x0000000743100000, 0x0000000743100000, 0x0000000743200000|  0%| F|  |TS  5|AC  0|TAMS 0x0000000743100000, 0x0000000743100000|
|  50|0x0000000743200000, 0x0000000743200000, 0x0000000743300000|  0%| F|  |TS  5|AC  0|TAMS 0x0000000743200000, 0x0000000743200000|
|  51|0x0000000743300000, 0x0000000743300000, 0x0000000743400000|  0%| F|  |TS  5|AC  0|TAMS 0x0000000743300000, 0x0000000743300000|
|  52|0x0000000743400000, 0x0000000743400000, 0x0000000743500000|  0%| F|  |TS  5|AC  0|TAMS 0x0000000743400000, 0x0000000743400000|
|  53|0x0000000743500000, 0x0000000743500000, 0x0000000743600000|  0%| F|  |TS  5|AC  0|TAMS 0x0000000743500000, 0x0000000743500000|
|  54|0x0000000743600000, 0x0000000743600000, 0x0000000743700000|  0%| F|  |TS  5|AC  0|TAMS 0x0000000743600000, 0x0000000743600000|
|  55|0x0000000743700000, 0x0000000743700000, 0x0000000743800000|  0%| F|  |TS  3|AC  0|TAMS 0x0000000743700000, 0x0000000743700000|
|  56|0x0000000743800000, 0x0000000743800000, 0x0000000743900000|  0%| F|  |TS  3|AC  0|TAMS 0x0000000743800000, 0x0000000743800000|
|  57|0x0000000743900000, 0x0000000743900000, 0x0000000743a00000|  0%| F|  |TS  3|AC  0|TAMS 0x0000000743900000, 0x0000000743900000|
|  58|0x0000000743a00000, 0x0000000743a00000, 0x0000000743b00000|  0%| F|  |TS  3|AC  0|TAMS 0x0000000743a00000, 0x0000000743a00000|
|  59|0x0000000743b00000, 0x0000000743b00000, 0x0000000743c00000|  0%| F|  |TS  3|AC  0|TAMS 0x0000000743b00000, 0x0000000743b00000|
|  60|0x0000000743c00000, 0x0000000743c00000, 0x0000000743d00000|  0%| F|  |TS  3|AC  0|TAMS 0x0000000743c00000, 0x0000000743c00000|
|  61|0x0000000743d00000, 0x0000000743d00000, 0x0000000743e00000|  0%| F|  |TS  3|AC  0|TAMS 0x0000000743d00000, 0x0000000743d00000|
|  62|0x0000000743e00000, 0x0000000743e00000, 0x0000000743f00000|  0%| F|  |TS  3|AC  0|TAMS 0x0000000743e00000, 0x0000000743e00000|
|  63|0x0000000743f00000, 0x0000000743f00000, 0x0000000744000000|  0%| F|  |TS  3|AC  0|TAMS 0x0000000743f00000, 0x0000000743f00000|
|  64|0x0000000744000000, 0x0000000744000000, 0x0000000744100000|  0%| F|  |TS  3|AC  0|TAMS 0x0000000744000000, 0x0000000744000000|
|  65|0x0000000744100000, 0x0000000744100000, 0x0000000744200000|  0%| F|  |TS  3|AC  0|TAMS 0x0000000744100000, 0x0000000744100000|
|  66|0x0000000744200000, 0x0000000744200000, 0x0000000744300000|  0%| F|  |TS  3|AC  0|TAMS 0x0000000744200000, 0x0000000744200000|
|  67|0x0000000744300000, 0x0000000744300000, 0x0000000744400000|  0%| F|  |TS  3|AC  0|TAMS 0x0000000744300000, 0x0000000744300000|
|  68|0x0000000744400000, 0x0000000744400000, 0x0000000744500000|  0%| F|  |TS  3|AC  0|TAMS 0x0000000744400000, 0x0000000744400000|
|  69|0x0000000744500000, 0x0000000744500000, 0x0000000744600000|  0%| F|  |TS  3|AC  0|TAMS 0x0000000744500000, 0x0000000744500000|
|  70|0x0000000744600000, 0x0000000744600000, 0x0000000744700000|  0%| F|  |TS  3|AC  0|TAMS 0x0000000744600000, 0x0000000744600000|
|  71|0x0000000744700000, 0x0000000744723998, 0x0000000744800000| 13%| S|CS|TS  5|AC  0|TAMS 0x0000000744700000, 0x0000000744700000|
|  72|0x0000000744800000, 0x0000000744900000, 0x0000000744900000|100%| S|CS|TS  5|AC  0|TAMS 0x0000000744800000, 0x0000000744800000|
|  73|0x0000000744900000, 0x0000000744a00000, 0x0000000744a00000|100%| S|CS|TS  5|AC  0|TAMS 0x0000000744900000, 0x0000000744900000|
|  74|0x0000000744a00000, 0x0000000744b00000, 0x0000000744b00000|100%| S|CS|TS  5|AC  0|TAMS 0x0000000744a00000, 0x0000000744a00000|
|  75|0x0000000744b00000, 0x0000000744b00000, 0x0000000744c00000|  0%| F|  |TS  5|AC  0|TAMS 0x0000000744b00000, 0x0000000744b00000|
|  76|0x0000000744c00000, 0x0000000744c00000, 0x0000000744d00000|  0%| F|  |TS  5|AC  0|TAMS 0x0000000744c00000, 0x0000000744c00000|
|  77|0x0000000744d00000, 0x0000000744d00000, 0x0000000744e00000|  0%| F|  |TS  5|AC  0|TAMS 0x0000000744d00000, 0x0000000744d00000|
|  78|0x0000000744e00000, 0x0000000744e00000, 0x0000000744f00000|  0%| F|  |TS  5|AC  0|TAMS 0x0000000744e00000, 0x0000000744e00000|
|  79|0x0000000744f00000, 0x0000000744f00000, 0x0000000745000000|  0%| F|  |TS  5|AC  0|TAMS 0x0000000744f00000, 0x0000000744f00000|
|  80|0x0000000745000000, 0x0000000745000000, 0x0000000745100000|  0%| F|  |TS  5|AC  0|TAMS 0x0000000745000000, 0x0000000745000000|
|  81|0x0000000745100000, 0x0000000745100000, 0x0000000745200000|  0%| F|  |TS  5|AC  0|TAMS 0x0000000745100000, 0x0000000745100000|
|  82|0x0000000745200000, 0x0000000745300000, 0x0000000745300000|100%| E|CS|TS  5|AC  0|TAMS 0x0000000745200000, 0x0000000745200000|
|  83|0x0000000745300000, 0x0000000745400000, 0x0000000745400000|100%| E|CS|TS  5|AC  0|TAMS 0x0000000745300000, 0x0000000745300000|
|  84|0x0000000745400000, 0x0000000745500000, 0x0000000745500000|100%| E|CS|TS  5|AC  0|TAMS 0x0000000745400000, 0x0000000745400000|
|  85|0x0000000745500000, 0x0000000745600000, 0x0000000745600000|100%| E|CS|TS  5|AC  0|TAMS 0x0000000745500000, 0x0000000745500000|
|  86|0x0000000745600000, 0x0000000745700000, 0x0000000745700000|100%| E|CS|TS  5|AC  0|TAMS 0x0000000745600000, 0x0000000745600000|
|  87|0x0000000745700000, 0x0000000745800000, 0x0000000745800000|100%| E|CS|TS  5|AC  0|TAMS 0x0000000745700000, 0x0000000745700000|
|  88|0x0000000745800000, 0x0000000745900000, 0x0000000745900000|100%| E|CS|TS  5|AC  0|TAMS 0x0000000745800000, 0x0000000745800000|
|  89|0x0000000745900000, 0x0000000745a00000, 0x0000000745a00000|100%| E|CS|TS  5|AC  0|TAMS 0x0000000745900000, 0x0000000745900000|
|  90|0x0000000745a00000, 0x0000000745b00000, 0x0000000745b00000|100%| E|CS|TS  5|AC  0|TAMS 0x0000000745a00000, 0x0000000745a00000|
|  91|0x0000000745b00000, 0x0000000745c00000, 0x0000000745c00000|100%| E|CS|TS  5|AC  0|TAMS 0x0000000745b00000, 0x0000000745b00000|
|  92|0x0000000745c00000, 0x0000000745d00000, 0x0000000745d00000|100%| E|CS|TS  5|AC  0|TAMS 0x0000000745c00000, 0x0000000745c00000|
|  93|0x0000000745d00000, 0x0000000745e00000, 0x0000000745e00000|100%| E|CS|TS  5|AC  0|TAMS 0x0000000745d00000, 0x0000000745d00000|
|  94|0x0000000745e00000, 0x0000000745f00000, 0x0000000745f00000|100%| E|CS|TS  5|AC  0|TAMS 0x0000000745e00000, 0x0000000745e00000|
|  95|0x0000000745f00000, 0x0000000746000000, 0x0000000746000000|100%| E|CS|TS  5|AC  0|TAMS 0x0000000745f00000, 0x0000000745f00000|
|  96|0x0000000746000000, 0x0000000746100000, 0x0000000746100000|100%| E|CS|TS  5|AC  0|TAMS 0x0000000746000000, 0x0000000746000000|
|  97|0x0000000746100000, 0x0000000746200000, 0x0000000746200000|100%| E|CS|TS  5|AC  0|TAMS 0x0000000746100000, 0x0000000746100000|
|  98|0x0000000746200000, 0x0000000746300000, 0x0000000746300000|100%| E|CS|TS  5|AC  0|TAMS 0x0000000746200000, 0x0000000746200000|
|  99|0x0000000746300000, 0x0000000746400000, 0x0000000746400000|100%| E|CS|TS  5|AC  0|TAMS 0x0000000746300000, 0x0000000746300000|
| 100|0x0000000746400000, 0x0000000746500000, 0x0000000746500000|100%| E|CS|TS  5|AC  0|TAMS 0x0000000746400000, 0x0000000746400000|
| 101|0x0000000746500000, 0x0000000746600000, 0x0000000746600000|100%| E|CS|TS  5|AC  0|TAMS 0x0000000746500000, 0x0000000746500000|
| 102|0x0000000746600000, 0x0000000746700000, 0x0000000746700000|100%| E|CS|TS  5|AC  0|TAMS 0x0000000746600000, 0x0000000746600000|
| 103|0x0000000746700000, 0x0000000746800000, 0x0000000746800000|100%| E|CS|TS  5|AC  0|TAMS 0x0000000746700000, 0x0000000746700000|
| 104|0x0000000746800000, 0x0000000746900000, 0x0000000746900000|100%| E|CS|TS  5|AC  0|TAMS 0x0000000746800000, 0x0000000746800000|
| 105|0x0000000746900000, 0x0000000746a00000, 0x0000000746a00000|100%| E|CS|TS  5|AC  0|TAMS 0x0000000746900000, 0x0000000746900000|
| 106|0x0000000746a00000, 0x0000000746b00000, 0x0000000746b00000|100%| E|CS|TS  5|AC  0|TAMS 0x0000000746a00000, 0x0000000746a00000|
| 107|0x0000000746b00000, 0x0000000746c00000, 0x0000000746c00000|100%| E|CS|TS  5|AC  0|TAMS 0x0000000746b00000, 0x0000000746b00000|
| 108|0x0000000746c00000, 0x0000000746d00000, 0x0000000746d00000|100%| E|CS|TS  5|AC  0|TAMS 0x0000000746c00000, 0x0000000746c00000|
| 109|0x0000000746d00000, 0x0000000746e00000, 0x0000000746e00000|100%| E|CS|TS  5|AC  0|TAMS 0x0000000746d00000, 0x0000000746d00000|
| 110|0x0000000746e00000, 0x0000000746f00000, 0x0000000746f00000|100%| E|CS|TS  5|AC  0|TAMS 0x0000000746e00000, 0x0000000746e00000|
| 111|0x0000000746f00000, 0x0000000747000000, 0x0000000747000000|100%| E|CS|TS  5|AC  0|TAMS 0x0000000746f00000, 0x0000000746f00000|
| 112|0x0000000747000000, 0x0000000747100000, 0x0000000747100000|100%| E|CS|TS  5|AC  0|TAMS 0x0000000747000000, 0x0000000747000000|
| 113|0x0000000747100000, 0x0000000747200000, 0x0000000747200000|100%| E|CS|TS  5|AC  0|TAMS 0x0000000747100000, 0x0000000747100000|
| 114|0x0000000747200000, 0x0000000747300000, 0x0000000747300000|100%| E|CS|TS  5|AC  0|TAMS 0x0000000747200000, 0x0000000747200000|
| 115|0x0000000747300000, 0x0000000747400000, 0x0000000747400000|100%| E|CS|TS  5|AC  0|TAMS 0x0000000747300000, 0x0000000747300000|
| 116|0x0000000747400000, 0x0000000747500000, 0x0000000747500000|100%| E|CS|TS  5|AC  0|TAMS 0x0000000747400000, 0x0000000747400000|
| 117|0x0000000747500000, 0x0000000747600000, 0x0000000747600000|100%| E|CS|TS  5|AC  0|TAMS 0x0000000747500000, 0x0000000747500000|
| 118|0x0000000747600000, 0x0000000747700000, 0x0000000747700000|100%| E|CS|TS  5|AC  0|TAMS 0x0000000747600000, 0x0000000747600000|
| 119|0x0000000747700000, 0x0000000747800000, 0x0000000747800000|100%| E|CS|TS  5|AC  0|TAMS 0x0000000747700000, 0x0000000747700000|
| 120|0x0000000747800000, 0x0000000747900000, 0x0000000747900000|100%| E|CS|TS  5|AC  0|TAMS 0x0000000747800000, 0x0000000747800000|
| 121|0x0000000747900000, 0x0000000747a00000, 0x0000000747a00000|100%| E|CS|TS  5|AC  0|TAMS 0x0000000747900000, 0x0000000747900000|
| 122|0x0000000747a00000, 0x0000000747b00000, 0x0000000747b00000|100%| E|CS|TS  5|AC  0|TAMS 0x0000000747a00000, 0x0000000747a00000|
| 123|0x0000000747b00000, 0x0000000747c00000, 0x0000000747c00000|100%| E|CS|TS  5|AC  0|TAMS 0x0000000747b00000, 0x0000000747b00000|
| 124|0x0000000747c00000, 0x0000000747d00000, 0x0000000747d00000|100%| E|CS|TS  5|AC  0|TAMS 0x0000000747c00000, 0x0000000747c00000|
| 125|0x0000000747d00000, 0x0000000747e00000, 0x0000000747e00000|100%| E|CS|TS  5|AC  0|TAMS 0x0000000747d00000, 0x0000000747d00000|
| 126|0x0000000747e00000, 0x0000000747f00000, 0x0000000747f00000|100%| E|CS|TS  5|AC  0|TAMS 0x0000000747e00000, 0x0000000747e00000|
| 127|0x0000000747f00000, 0x0000000748000000, 0x0000000748000000|100%| E|CS|TS  5|AC  0|TAMS 0x0000000747f00000, 0x0000000747f00000|
| 128|0x0000000748000000, 0x0000000748100000, 0x0000000748100000|100%| E|CS|TS  5|AC  0|TAMS 0x0000000748000000, 0x0000000748000000|
| 129|0x0000000748100000, 0x0000000748200000, 0x0000000748200000|100%| E|CS|TS  5|AC  0|TAMS 0x0000000748100000, 0x0000000748100000|
| 130|0x0000000748200000, 0x0000000748300000, 0x0000000748300000|100%| E|CS|TS  5|AC  0|TAMS 0x0000000748200000, 0x0000000748200000|
| 131|0x0000000748300000, 0x0000000748400000, 0x0000000748400000|100%| E|CS|TS  5|AC  0|TAMS 0x0000000748300000, 0x0000000748300000|

Card table byte_map: [0x000000011be81000,0x000000011c281000] byte_map_base: 0x0000000118481000

Marking Bits (Prev, Next): (CMBitMap*) 0x00007fcd9302f070, (CMBitMap*) 0x00007fcd9302f0a8
 Prev Bits: [0x000000011c681000, 0x000000011e681000)
 Next Bits: [0x000000011e681000, 0x0000000120681000)

Polling page: 0x00000001001a1000

CodeHeap 'non-profiled nmethods': size=120032Kb used=670Kb max_used=670Kb free=119361Kb
 bounds [0x0000000114949000, 0x0000000114bb9000, 0x000000011be81000]
CodeHeap 'profiled nmethods': size=120032Kb used=3160Kb max_used=3160Kb free=116871Kb
 bounds [0x000000010d411000, 0x000000010d731000, 0x0000000114949000]
CodeHeap 'non-nmethods': size=5696Kb used=1343Kb max_used=1362Kb free=4352Kb
 bounds [0x000000010ce81000, 0x000000010d0f1000, 0x000000010d411000]
 total_blobs=2537 nmethods=1662 adapters=514
 compilation: enabled

Compilation events (10 events):
Event: 2448.427 Thread 0x00007fcd94005800 1650   !   4       sun.nio.cs.StreamDecoder::readBytes (289 bytes)
Event: 2448.427 Thread 0x00007fcd94890800 nmethod 1652 0x00000001149eed90 code [0x00000001149eef20, 0x00000001149ef008]
Event: 2448.427 Thread 0x00007fcd94890800 1651       4       java.nio.HeapByteBuffer::compact (52 bytes)
Event: 2448.435 Thread 0x00007fcd94890800 nmethod 1651 0x00000001149ef110 code [0x00000001149ef2c0, 0x00000001149ef558]
Event: 2448.436 Thread 0x00007fcd94005800 nmethod 1650 0x00000001149ef790 code [0x00000001149ef9c0, 0x00000001149f0208]
Event: 2448.495 Thread 0x00007fcd9401b000 1660   !   3       java.lang.ref.ReferenceQueue::remove (125 bytes)
Event: 2448.501 Thread 0x00007fcd9401b000 nmethod 1660 0x000000010d725f10 code [0x000000010d726140, 0x000000010d726ab8]
Event: 2448.501 Thread 0x00007fcd9401b000 1661       3       java.lang.ref.Reference::clear (6 bytes)
Event: 2448.501 Thread 0x00007fcd9401b000 nmethod 1661 0x000000010d726e10 code [0x000000010d726fc0, 0x000000010d727150]
Event: 2448.543 Thread 0x00007fcd9401b000 1662       3       sun.java2d.pipe.RenderQueue::ensureCapacityAndAlignment (13 bytes)

GC Heap History (6 events):
Event: 1.301 GC heap before
{Heap before GC invocations=0 (full 0):
 garbage-first heap   total 131072K, used 14336K [0x0000000740000000, 0x0000000740100400, 0x00000007c0000000)
  region size 1024K, 14 young (14336K), 0 survivors (0K)
 Metaspace       used 12421K, capacity 13028K, committed 13312K, reserved 1060864K
  class space    used 1335K, capacity 1494K, committed 1536K, reserved 1048576K
}
Event: 1.306 GC heap after
{Heap after GC invocations=1 (full 0):
 garbage-first heap   total 131072K, used 2350K [0x0000000740000000, 0x0000000740100400, 0x00000007c0000000)
  region size 1024K, 2 young (2048K), 2 survivors (2048K)
 Metaspace       used 12421K, capacity 13028K, committed 13312K, reserved 1060864K
  class space    used 1335K, capacity 1494K, committed 1536K, reserved 1048576K
}
Event: 2448.459 GC heap before
{Heap before GC invocations=1 (full 0):
 garbage-first heap   total 131072K, used 130350K [0x0000000740000000, 0x0000000740100400, 0x00000007c0000000)
  region size 1024K, 73 young (74752K), 2 survivors (2048K)
 Metaspace       used 16002K, capacity 16922K, committed 17024K, reserved 1064960K
  class space    used 1693K, capacity 1893K, committed 1920K, reserved 1048576K
}
Event: 2448.484 GC heap after
{Heap after GC invocations=2 (full 0):
 garbage-first heap   total 135168K, used 58956K [0x0000000740000000, 0x0000000740100420, 0x00000007c0000000)
  region size 1024K, 4 young (4096K), 4 survivors (4096K)
 Metaspace       used 16002K, capacity 16922K, committed 17024K, reserved 1064960K
  class space    used 1693K, capacity 1893K, committed 1920K, reserved 1048576K
}
Event: 2448.523 GC heap before
{Heap before GC invocations=2 (full 0):
 garbage-first heap   total 135168K, used 113228K [0x0000000740000000, 0x0000000740100420, 0x00000007c0000000)
  region size 1024K, 57 young (58368K), 4 survivors (4096K)
 Metaspace       used 16007K, capacity 16922K, committed 17024K, reserved 1064960K
  class space    used 1693K, capacity 1893K, committed 1920K, reserved 1048576K
}
Event: 2448.530 GC heap after
{Heap after GC invocations=3 (full 0):
 garbage-first heap   total 135168K, used 3516K [0x0000000740000000, 0x0000000740100420, 0x00000007c0000000)
  region size 1024K, 4 young (4096K), 4 survivors (4096K)
 Metaspace       used 16007K, capacity 16922K, committed 17024K, reserved 1064960K
  class space    used 1693K, capacity 1893K, committed 1920K, reserved 1048576K
}

Deoptimization events (6 events):
Event: 1.107 Thread 0x00007fcd94007000 Uncommon trap: reason=unstable_if action=reinterpret pc=0x0000000114978e24 method=jdk.internal.org.objectweb.asm.Type.getArgumentsAndReturnSizes(Ljava/lang/String;)I @ 88 c2
Event: 1.206 Thread 0x00007fcd94007000 Uncommon trap: reason=unstable_if action=reinterpret pc=0x000000011498e9e8 method=java.util.HashMap.getNode(ILjava/lang/Object;)Ljava/util/HashMap$Node; @ 116 c2
Event: 1.206 Thread 0x00007fcd94007000 Uncommon trap: reason=unstable_if action=reinterpret pc=0x000000011498c754 method=java.util.HashMap.getNode(ILjava/lang/Object;)Ljava/util/HashMap$Node; @ 116 c2
Event: 1.517 Thread 0x00007fcd945fb000 Uncommon trap: reason=unstable_if action=reinterpret pc=0x00000001149542a0 method=java.lang.String.charAt(I)C @ 4 c2
Event: 2.651 Thread 0x00007fcd945fb000 Uncommon trap: reason=unstable_if action=reinterpret pc=0x00000001149ad80c method=java.lang.StringLatin1.toLowerCase(Ljava/lang/String;[BLjava/util/Locale;)Ljava/lang/String; @ 40 c2
Event: 18.827 Thread 0x00007fcd94007000 Uncommon trap: reason=unstable_if action=reinterpret pc=0x0000000114969b64 method=java.lang.StringLatin1.replace([BCC)Ljava/lang/String; @ 19 c2

Classes redefined (0 events):
No events

Internal exceptions (10 events):
Event: 1.495 Thread 0x00007fcd945fb000 Exception <a 'java/lang/NoSuchMethodError'{0x0000000747b52160}: java.lang.invoke.DirectMethodHandle$Holder.invokeStatic(Ljava/lang/Object;Ljava/lang/Object;Ljava/lang/Object;Ljava/lang/Object;Ljava/lang/Object;Ljava/lang/Object;Ljava/lang/Object;Ljava/lan
Event: 1.497 Thread 0x00007fcd945fb000 Exception <a 'java/lang/NoSuchMethodError'{0x0000000747b73fe8}: java.lang.invoke.DirectMethodHandle$Holder.invokeStatic(Ljava/lang/Object;Ljava/lang/Object;Ljava/lang/Object;Ljava/lang/Object;Ljava/lang/Object;Ljava/lang/Object;Ljava/lang/Object;Ljava/lan
Event: 2.685 Thread 0x00007fcd945fb000 Exception <a 'java/lang/NoSuchMethodError'{0x0000000747a9a6c0}: java.lang.invoke.DirectMethodHandle$Holder.invokeStatic(Ljava/lang/Object;JJ)V> (0x0000000747a9a6c0) thrown at [/scratch/mesos/slaves/5af44a71-976a-41b7-81de-5773b84ec572-S38393/frameworks/17
Event: 2.686 Thread 0x00007fcd945fb000 Exception <a 'java/lang/NoSuchMethodError'{0x0000000747a9fcb8}: java.lang.invoke.DirectMethodHandle$Holder.invokeStatic(Ljava/lang/Object;J)Ljava/lang/Object;> (0x0000000747a9fcb8) thrown at [/scratch/mesos/slaves/5af44a71-976a-41b7-81de-5773b84ec572-S383
Event: 2.686 Thread 0x00007fcd945fb000 Exception <a 'java/lang/NoSuchMethodError'{0x0000000747aa3610}: method resolution failed> (0x0000000747aa3610) thrown at [/scratch/mesos/slaves/5af44a71-976a-41b7-81de-5773b84ec572-S38393/frameworks/1735e8a2-a1db-478c-8104-60c8b0af87dd-0196/executors/8b85
Event: 18.828 Thread 0x00007fcd94007000 Exception <a 'java/lang/NoSuchMethodError'{0x0000000747fdaa40}: java.lang.Object.lambda$union$2(Ljava/util/regex/Pattern$CharPredicate;I)Z> (0x0000000747fdaa40) thrown at [/scratch/mesos/slaves/5af44a71-976a-41b7-81de-5773b84ec572-S38393/frameworks/1735e8
Event: 2448.275 Thread 0x00007fcd94d0f000 Exception <a 'sun/net/ConnectionResetException'{0x000000074780e4e8}: Connection reset> (0x000000074780e4e8) thrown at [/scratch/mesos/slaves/5af44a71-976a-41b7-81de-5773b84ec572-S38393/frameworks/1735e8a2-a1db-478c-8104-60c8b0af87dd-0196/executors/8b85564
Event: 2448.321 Thread 0x00007fcd93b02800 Exception <a 'sun/net/ConnectionResetException'{0x000000074770ce58}: Connection reset> (0x000000074770ce58) thrown at [/scratch/mesos/slaves/5af44a71-976a-41b7-81de-5773b84ec572-S38393/frameworks/1735e8a2-a1db-478c-8104-60c8b0af87dd-0196/executors/8b85564
Event: 2448.359 Thread 0x00007fcd94d87800 Exception <a 'sun/net/ConnectionResetException'{0x00000007477cc790}: Connection reset> (0x00000007477cc790) thrown at [/scratch/mesos/slaves/5af44a71-976a-41b7-81de-5773b84ec572-S38393/frameworks/1735e8a2-a1db-478c-8104-60c8b0af87dd-0196/executors/8b85564
Event: 2448.494 Thread 0x00007fcd93072800 Exception <a 'java/lang/NullPointerException'{0x0000000747e00fa0}> (0x0000000747e00fa0) thrown at [/scratch/mesos/slaves/5af44a71-976a-41b7-81de-5773b84ec572-S38393/frameworks/1735e8a2-a1db-478c-8104-60c8b0af87dd-0196/executors/8b855640-c399-41ea-b65f-522

Events (10 events):
Event: 2448.459 Executing VM operation: G1IncCollectionPause
Event: 2448.484 Executing VM operation: G1IncCollectionPause done
Event: 2448.486 Executing VM operation: RevokeBias
Event: 2448.486 Executing VM operation: RevokeBias done
Event: 2448.486 loading class sun/net/ResourceManager
Event: 2448.487 loading class sun/net/ResourceManager done
Event: 2448.491 Executing VM operation: RevokeBias
Event: 2448.491 Executing VM operation: RevokeBias done
Event: 2448.523 Executing VM operation: G1IncCollectionPause
Event: 2448.530 Executing VM operation: G1IncCollectionPause done


Dynamic libraries:
0x00007fff34a78000 	/System/Library/Frameworks/Cocoa.framework/Versions/A/Cocoa
0x00007fff4104f000 	/System/Library/Frameworks/Security.framework/Versions/A/Security
0x00007fff336bc000 	/System/Library/Frameworks/ApplicationServices.framework/Versions/A/ApplicationServices
0x00007fff5d3b4000 	/usr/lib/libz.1.dylib
0x00007fff5b2ef000 	/usr/lib/libSystem.B.dylib
0x00007fff3522d000 	/System/Library/Frameworks/CoreFoundation.framework/Versions/A/CoreFoundation
0x00007fff37381000 	/System/Library/Frameworks/Foundation.framework/Versions/C/Foundation
0x00007fff5c99e000 	/usr/lib/libobjc.A.dylib
0x00007fff3280c000 	/System/Library/Frameworks/AppKit.framework/Versions/C/AppKit
0x00007fff34df0000 	/System/Library/Frameworks/CoreData.framework/Versions/A/CoreData
0x00007fff54c43000 	/System/Library/PrivateFrameworks/RemoteViewServices.framework/Versions/A/RemoteViewServices
0x00007fff59394000 	/System/Library/PrivateFrameworks/UIFoundation.framework/Versions/A/UIFoundation
0x00007fff49aa1000 	/System/Library/PrivateFrameworks/DFRFoundation.framework/Versions/A/DFRFoundation
0x00007fff399c5000 	/System/Library/Frameworks/Metal.framework/Versions/A/Metal
0x00007fff49c3e000 	/System/Library/PrivateFrameworks/DesktopServicesPriv.framework/Versions/A/DesktopServicesPriv
0x00007fff5bef4000 	/usr/lib/libenergytrace.dylib
0x00007fff57409000 	/System/Library/PrivateFrameworks/SkyLight.framework/Versions/A/SkyLight
0x00007fff356d0000 	/System/Library/Frameworks/CoreGraphics.framework/Versions/A/CoreGraphics
0x00007fff5b2ea000 	/usr/lib/libScreenReader.dylib
0x00007fff317a7000 	/System/Library/Frameworks/Accelerate.framework/Versions/A/Accelerate
0x00007fff37afa000 	/System/Library/Frameworks/IOSurface.framework/Versions/A/IOSurface
0x00007fff33c06000 	/System/Library/Frameworks/AudioToolbox.framework/Versions/A/AudioToolbox
0x00007fff33e95000 	/System/Library/Frameworks/AudioUnit.framework/Versions/A/AudioUnit
0x00007fff49b39000 	/System/Library/PrivateFrameworks/DataDetectorsCore.framework/Versions/A/DataDetectorsCore
0x00007fff3456b000 	/System/Library/Frameworks/Carbon.framework/Versions/A/Frameworks/HIToolbox.framework/Versions/A/HIToolbox
0x00007fff5c04e000 	/usr/lib/libicucore.A.dylib
0x00007fff405d0000 	/System/Library/Frameworks/QuartzCore.framework/Versions/A/QuartzCore
0x00007fff566c0000 	/System/Library/PrivateFrameworks/SignpostNotification.framework/Versions/A/SignpostNotification
0x00007fff34951000 	/System/Library/Frameworks/Carbon.framework/Versions/A/Frameworks/SpeechRecognition.framework/Versions/A/SpeechRecognition
0x00007fff5b44b000 	/usr/lib/libauto.dylib
0x00007fff5d2a3000 	/usr/lib/libxml2.2.dylib
0x00007fff496f4000 	/System/Library/PrivateFrameworks/CoreUI.framework/Versions/A/CoreUI
0x00007fff34ccc000 	/System/Library/Frameworks/CoreAudio.framework/Versions/A/CoreAudio
0x00007fff371bb000 	/System/Library/Frameworks/DiskArbitration.framework/Versions/A/DiskArbitration
0x00007fff5c2c2000 	/usr/lib/liblangid.dylib
0x00007fff5114f000 	/System/Library/PrivateFrameworks/MultitouchSupport.framework/Versions/A/MultitouchSupport
0x00007fff37a5d000 	/System/Library/Frameworks/IOKit.framework/Versions/A/IOKit
0x00007fff5af79000 	/usr/lib/libDiagnosticMessagesClient.dylib
0x00007fff36399000 	/System/Library/Frameworks/CoreServices.framework/Versions/A/CoreServices
0x00007fff52c7d000 	/System/Library/PrivateFrameworks/PerformanceAnalysis.framework/Versions/A/PerformanceAnalysis
0x00007fff3f772000 	/System/Library/Frameworks/OpenGL.framework/Versions/A/OpenGL
0x00007fff34a86000 	/System/Library/Frameworks/ColorSync.framework/Versions/A/ColorSync
0x00007fff35ce2000 	/System/Library/Frameworks/CoreImage.framework/Versions/A/CoreImage
0x00007fff36d29000 	/System/Library/Frameworks/CoreText.framework/Versions/A/CoreText
0x00007fff37b58000 	/System/Library/Frameworks/ImageIO.framework/Versions/A/ImageIO
0x00007fff45e3c000 	/System/Library/PrivateFrameworks/Backup.framework/Versions/A/Backup
0x00007fff5b39b000 	/usr/lib/libarchive.2.dylib
0x00007fff341b7000 	/System/Library/Frameworks/CFNetwork.framework/Versions/A/CFNetwork
0x00007fff417df000 	/System/Library/Frameworks/SystemConfiguration.framework/Versions/A/SystemConfiguration
0x00007fff5aea2000 	/usr/lib/libCRFSuite.dylib
0x00007fff5b524000 	/usr/lib/libc++.1.dylib
0x00007fff5b57b000 	/usr/lib/libc++abi.dylib
0x00007fff5d462000 	/usr/lib/system/libcache.dylib
0x00007fff5d467000 	/usr/lib/system/libcommonCrypto.dylib
0x00007fff5d472000 	/usr/lib/system/libcompiler_rt.dylib
0x00007fff5d47a000 	/usr/lib/system/libcopyfile.dylib
0x00007fff5d484000 	/usr/lib/system/libcorecrypto.dylib
0x00007fff5d591000 	/usr/lib/system/libdispatch.dylib
0x00007fff5d5cb000 	/usr/lib/system/libdyld.dylib
0x00007fff5d5e9000 	/usr/lib/system/libkeymgr.dylib
0x00007fff5d5f7000 	/usr/lib/system/liblaunch.dylib
0x00007fff5d5f8000 	/usr/lib/system/libmacho.dylib
0x00007fff5d5fd000 	/usr/lib/system/libquarantine.dylib
0x00007fff5d600000 	/usr/lib/system/libremovefile.dylib
0x00007fff5d602000 	/usr/lib/system/libsystem_asl.dylib
0x00007fff5d61a000 	/usr/lib/system/libsystem_blocks.dylib
0x00007fff5d61b000 	/usr/lib/system/libsystem_c.dylib
0x00007fff5d6a5000 	/usr/lib/system/libsystem_configuration.dylib
0x00007fff5d6a9000 	/usr/lib/system/libsystem_coreservices.dylib
0x00007fff5d6ad000 	/usr/lib/system/libsystem_darwin.dylib
0x00007fff5d6af000 	/usr/lib/system/libsystem_dnssd.dylib
0x00007fff5d6b6000 	/usr/lib/system/libsystem_info.dylib
0x00007fff5d727000 	/usr/lib/system/libsystem_m.dylib
0x00007fff5d773000 	/usr/lib/system/libsystem_malloc.dylib
0x00007fff5d793000 	/usr/lib/system/libsystem_network.dylib
0x00007fff5d8c4000 	/usr/lib/system/libsystem_networkextension.dylib
0x00007fff5d8cf000 	/usr/lib/system/libsystem_notify.dylib
0x00007fff5d8ed000 	/usr/lib/system/libsystem_sandbox.dylib
0x00007fff5d8f1000 	/usr/lib/system/libsystem_secinit.dylib
0x00007fff5d700000 	/usr/lib/system/libsystem_kernel.dylib
0x00007fff5d8d9000 	/usr/lib/system/libsystem_platform.dylib
0x00007fff5d8e1000 	/usr/lib/system/libsystem_pthread.dylib
0x00007fff5d8f3000 	/usr/lib/system/libsystem_symptoms.dylib
0x00007fff5d8fb000 	/usr/lib/system/libsystem_trace.dylib
0x00007fff5d910000 	/usr/lib/system/libunwind.dylib
0x00007fff5d916000 	/usr/lib/system/libxpc.dylib
0x00007fff5adb5000 	/usr/lib/closure/libclosured.dylib
0x00007fff5b505000 	/usr/lib/libbsm.0.dylib
0x00007fff5d5ea000 	/usr/lib/system/libkxld.dylib
0x00007fff5b1b3000 	/usr/lib/libOpenScriptingUtil.dylib
0x00007fff5b873000 	/usr/lib/libcoretls.dylib
0x00007fff5b88c000 	/usr/lib/libcoretls_cfhelpers.dylib
0x00007fff5cd9f000 	/usr/lib/libpam.2.dylib
0x00007fff5cec6000 	/usr/lib/libsqlite3.dylib
0x00007fff5d292000 	/usr/lib/libxar.1.dylib
0x00007fff5b516000 	/usr/lib/libbz2.1.0.dylib
0x00007fff5c2c4000 	/usr/lib/liblzma.5.dylib
0x00007fff5c7a5000 	/usr/lib/libnetwork.dylib
0x00007fff5b384000 	/usr/lib/libapple_nghttp2.dylib
0x00007fff5cda6000 	/usr/lib/libpcap.A.dylib
0x00007fff5b44c000 	/usr/lib/libboringssl.dylib
0x00007fff5d22d000 	/usr/lib/libusrtcp.dylib
0x00007fff5b383000 	/usr/lib/libapple_crypto.dylib
0x00007fff3671c000 	/System/Library/Frameworks/CoreServices.framework/Versions/A/Frameworks/FSEvents.framework/Versions/A/FSEvents
0x00007fff3640f000 	/System/Library/Frameworks/CoreServices.framework/Versions/A/Frameworks/CarbonCore.framework/Versions/A/CarbonCore
0x00007fff368e3000 	/System/Library/Frameworks/CoreServices.framework/Versions/A/Frameworks/Metadata.framework/Versions/A/Metadata
0x00007fff36994000 	/System/Library/Frameworks/CoreServices.framework/Versions/A/Frameworks/OSServices.framework/Versions/A/OSServices
0x00007fff369f5000 	/System/Library/Frameworks/CoreServices.framework/Versions/A/Frameworks/SearchKit.framework/Versions/A/SearchKit
0x00007fff3639a000 	/System/Library/Frameworks/CoreServices.framework/Versions/A/Frameworks/AE.framework/Versions/A/AE
0x00007fff36725000 	/System/Library/Frameworks/CoreServices.framework/Versions/A/Frameworks/LaunchServices.framework/Versions/A/LaunchServices
0x00007fff366e7000 	/System/Library/Frameworks/CoreServices.framework/Versions/A/Frameworks/DictionaryServices.framework/Versions/A/DictionaryServices
0x00007fff36a64000 	/System/Library/Frameworks/CoreServices.framework/Versions/A/Frameworks/SharedFileList.framework/Versions/A/SharedFileList
0x00007fff3abfb000 	/System/Library/Frameworks/NetFS.framework/Versions/A/NetFS
0x00007fff513e0000 	/System/Library/PrivateFrameworks/NetAuth.framework/Versions/A/NetAuth
0x00007fff5ac4c000 	/System/Library/PrivateFrameworks/login.framework/Versions/A/Frameworks/loginsupport.framework/Versions/A/loginsupport
0x00007fff59015000 	/System/Library/PrivateFrameworks/TCC.framework/Versions/A/TCC
0x00007fff5c3a5000 	/usr/lib/libmecabra.dylib
0x00007fff336bd000 	/System/Library/Frameworks/ApplicationServices.framework/Versions/A/Frameworks/ATS.framework/Versions/A/ATS
0x00007fff33a6b000 	/System/Library/Frameworks/ApplicationServices.framework/Versions/A/Frameworks/ColorSyncLegacy.framework/Versions/A/ColorSyncLegacy
0x00007fff33b0f000 	/System/Library/Frameworks/ApplicationServices.framework/Versions/A/Frameworks/HIServices.framework/Versions/A/HIServices
0x00007fff33b62000 	/System/Library/Frameworks/ApplicationServices.framework/Versions/A/Frameworks/LangAnalysis.framework/Versions/A/LangAnalysis
0x00007fff33b71000 	/System/Library/Frameworks/ApplicationServices.framework/Versions/A/Frameworks/PrintCore.framework/Versions/A/PrintCore
0x00007fff33bbe000 	/System/Library/Frameworks/ApplicationServices.framework/Versions/A/Frameworks/QD.framework/Versions/A/QD
0x00007fff33bf9000 	/System/Library/Frameworks/ApplicationServices.framework/Versions/A/Frameworks/SpeechSynthesis.framework/Versions/A/SpeechSynthesis
0x00007fff35147000 	/System/Library/Frameworks/CoreDisplay.framework/Versions/A/CoreDisplay
0x00007fff317bf000 	/System/Library/Frameworks/Accelerate.framework/Versions/A/Frameworks/vImage.framework/Versions/A/vImage
0x00007fff32519000 	/System/Library/Frameworks/Accelerate.framework/Versions/A/Frameworks/vecLib.framework/Versions/A/vecLib
0x00007fff322b9000 	/System/Library/Frameworks/Accelerate.framework/Versions/A/Frameworks/vecLib.framework/Versions/A/libvDSP.dylib
0x00007fff31e19000 	/System/Library/Frameworks/Accelerate.framework/Versions/A/Frameworks/vecLib.framework/Versions/A/libBNNS.dylib
0x00007fff3221e000 	/System/Library/Frameworks/Accelerate.framework/Versions/A/Frameworks/vecLib.framework/Versions/A/libQuadrature.dylib
0x00007fff32467000 	/System/Library/Frameworks/Accelerate.framework/Versions/A/Frameworks/vecLib.framework/Versions/A/libvMisc.dylib
0x00007fff31e48000 	/System/Library/Frameworks/Accelerate.framework/Versions/A/Frameworks/vecLib.framework/Versions/A/libLAPACK.dylib
0x00007fff31cbe000 	/System/Library/Frameworks/Accelerate.framework/Versions/A/Frameworks/vecLib.framework/Versions/A/libBLAS.dylib
0x00007fff32208000 	/System/Library/Frameworks/Accelerate.framework/Versions/A/Frameworks/vecLib.framework/Versions/A/libLinearAlgebra.dylib
0x00007fff32224000 	/System/Library/Frameworks/Accelerate.framework/Versions/A/Frameworks/vecLib.framework/Versions/A/libSparse.dylib
0x00007fff322a5000 	/System/Library/Frameworks/Accelerate.framework/Versions/A/Frameworks/vecLib.framework/Versions/A/libSparseBLAS.dylib
0x00007fff4e27a000 	/System/Library/PrivateFrameworks/GPUWrangler.framework/Versions/A/GPUWrangler
0x00007fff4f9f7000 	/System/Library/PrivateFrameworks/IOAccelerator.framework/Versions/A/IOAccelerator
0x00007fff4fa02000 	/System/Library/PrivateFrameworks/IOPresentment.framework/Versions/A/IOPresentment
0x00007fff49ab3000 	/System/Library/PrivateFrameworks/DSExternalDisplay.framework/Versions/A/DSExternalDisplay
0x00007fff3ebf2000 	/System/Library/Frameworks/OpenGL.framework/Versions/A/Libraries/libCoreFSCache.dylib
0x00007fff36e7a000 	/System/Library/Frameworks/CoreVideo.framework/Versions/A/CoreVideo
0x00007fff4eff5000 	/System/Library/PrivateFrameworks/GraphVisualizer.framework/Versions/A/GraphVisualizer
0x00007fff39bfc000 	/System/Library/Frameworks/MetalPerformanceShaders.framework/Versions/A/MetalPerformanceShaders
0x00007fff5afb1000 	/usr/lib/libFosl_dynamic.dylib
0x00007fff4ab84000 	/System/Library/PrivateFrameworks/FaceCore.framework/Versions/A/FaceCore
0x00007fff3d9f9000 	/System/Library/Frameworks/OpenCL.framework/Versions/A/OpenCL
0x00007fff5b5b2000 	/usr/lib/libcompression.dylib
0x00007fff337bc000 	/System/Library/Frameworks/ApplicationServices.framework/Versions/A/Frameworks/ATS.framework/Versions/A/Resources/libFontParser.dylib
0x00007fff338df000 	/System/Library/Frameworks/ApplicationServices.framework/Versions/A/Frameworks/ATS.framework/Versions/A/Resources/libFontRegistry.dylib
0x00007fff37dbf000 	/System/Library/Frameworks/ImageIO.framework/Versions/A/Resources/libJPEG.dylib
0x00007fff380e8000 	/System/Library/Frameworks/ImageIO.framework/Versions/A/Resources/libTIFF.dylib
0x00007fff380be000 	/System/Library/Frameworks/ImageIO.framework/Versions/A/Resources/libPng.dylib
0x00007fff37cd2000 	/System/Library/Frameworks/ImageIO.framework/Versions/A/Resources/libGIF.dylib
0x00007fff37cd7000 	/System/Library/Frameworks/ImageIO.framework/Versions/A/Resources/libJP2.dylib
0x00007fff380e5000 	/System/Library/Frameworks/ImageIO.framework/Versions/A/Resources/libRadiance.dylib
0x00007fff45569000 	/System/Library/PrivateFrameworks/AppleJPEG.framework/Versions/A/AppleJPEG
0x00007fff39a63000 	/System/Library/Frameworks/MetalPerformanceShaders.framework/Frameworks/MPSCore.framework/Versions/A/MPSCore
0x00007fff39a7f000 	/System/Library/Frameworks/MetalPerformanceShaders.framework/Frameworks/MPSImage.framework/Versions/A/MPSImage
0x00007fff39b14000 	/System/Library/Frameworks/MetalPerformanceShaders.framework/Frameworks/MPSNeuralNetwork.framework/Versions/A/MPSNeuralNetwork
0x00007fff39aef000 	/System/Library/Frameworks/MetalPerformanceShaders.framework/Frameworks/MPSMatrix.framework/Versions/A/MPSMatrix
0x00007fff50ec5000 	/System/Library/PrivateFrameworks/MetalTools.framework/Versions/A/MetalTools
0x00007fff3edbc000 	/System/Library/Frameworks/OpenGL.framework/Versions/A/Libraries/libGLU.dylib
0x00007fff3ebfd000 	/System/Library/Frameworks/OpenGL.framework/Versions/A/Libraries/libGFXShared.dylib
0x00007fff3ec07000 	/System/Library/Frameworks/OpenGL.framework/Versions/A/Libraries/libGL.dylib
0x00007fff3ec13000 	/System/Library/Frameworks/OpenGL.framework/Versions/A/Libraries/libGLImage.dylib
0x00007fff3ebef000 	/System/Library/Frameworks/OpenGL.framework/Versions/A/Libraries/libCVMSPluginSupport.dylib
0x00007fff3ebf8000 	/System/Library/Frameworks/OpenGL.framework/Versions/A/Libraries/libCoreVMClient.dylib
0x00007fff5bd5e000 	/usr/lib/libcups.2.dylib
0x00007fff38fd2000 	/System/Library/Frameworks/Kerberos.framework/Versions/A/Kerberos
0x00007fff377b7000 	/System/Library/Frameworks/GSS.framework/Versions/A/GSS
0x00007fff5ce59000 	/usr/lib/libresolv.9.dylib
0x00007fff5bf5c000 	/usr/lib/libiconv.2.dylib
0x00007fff4f087000 	/System/Library/PrivateFrameworks/Heimdal.framework/Versions/A/Heimdal
0x00007fff5bf2b000 	/usr/lib/libheimdal-asn1.dylib
0x00007fff3da65000 	/System/Library/Frameworks/OpenDirectory.framework/Versions/A/OpenDirectory
0x00007fff47879000 	/System/Library/PrivateFrameworks/CommonAuth.framework/Versions/A/CommonAuth
0x00007fff3da48000 	/System/Library/Frameworks/OpenDirectory.framework/Versions/A/Frameworks/CFOpenDirectory.framework/Versions/A/CFOpenDirectory
0x00007fff41378000 	/System/Library/Frameworks/SecurityFoundation.framework/Versions/A/SecurityFoundation
0x00007fff44740000 	/System/Library/PrivateFrameworks/APFS.framework/Versions/A/APFS
0x00007fff5d28e000 	/usr/lib/libutil.dylib
0x00007fff455ec000 	/System/Library/PrivateFrameworks/AppleSauce.framework/Versions/A/AppleSauce
0x00007fff501df000 	/System/Library/PrivateFrameworks/LinguisticData.framework/Versions/A/LinguisticData
0x00007fff5c2de000 	/usr/lib/libmarisa.dylib
0x00007fff50199000 	/System/Library/PrivateFrameworks/Lexicon.framework/Versions/A/Lexicon
0x00007fff5aedc000 	/usr/lib/libChineseTokenizer.dylib
0x00007fff5b5a1000 	/usr/lib/libcmph.dylib
0x00007fff500a3000 	/System/Library/PrivateFrameworks/LanguageModeling.framework/Versions/A/LanguageModeling
0x00007fff48385000 	/System/Library/PrivateFrameworks/CoreEmoji.framework/Versions/A/CoreEmoji
0x00007fff41436000 	/System/Library/Frameworks/ServiceManagement.framework/Versions/A/ServiceManagement
0x00007fff45e34000 	/System/Library/PrivateFrameworks/BackgroundTaskManagement.framework/Versions/A/BackgroundTaskManagement
0x00007fff5d38b000 	/usr/lib/libxslt.1.dylib
0x00007fff3487b000 	/System/Library/Frameworks/Carbon.framework/Versions/A/Frameworks/Ink.framework/Versions/A/Ink
0x00007fff5922a000 	/System/Library/PrivateFrameworks/TextureIO.framework/Versions/A/TextureIO
0x00007fff5b3c6000 	/usr/lib/libate.dylib
0x00007fff49a13000 	/System/Library/PrivateFrameworks/CrashReporterSupport.framework/Versions/A/CrashReporterSupport
0x00007fff56583000 	/System/Library/PrivateFrameworks/Sharing.framework/Versions/A/Sharing
0x00007fff4fde5000 	/System/Library/PrivateFrameworks/IconServices.framework/Versions/A/IconServices
0x00007fff453ee000 	/System/Library/PrivateFrameworks/Apple80211.framework/Versions/A/Apple80211
0x00007fff49829000 	/System/Library/PrivateFrameworks/CoreUtils.framework/Versions/A/CoreUtils
0x00007fff36eb5000 	/System/Library/Frameworks/CoreWLAN.framework/Versions/A/CoreWLAN
0x00007fff378f9000 	/System/Library/Frameworks/IOBluetooth.framework/Versions/A/IOBluetooth
0x00007fff54a4b000 	/System/Library/PrivateFrameworks/ProtocolBuffer.framework/Versions/A/ProtocolBuffer
0x00007fff499ae000 	/System/Library/PrivateFrameworks/CoreWiFi.framework/Versions/A/CoreWiFi
0x00007fff34dc6000 	/System/Library/Frameworks/CoreBluetooth.framework/Versions/A/CoreBluetooth
0x00007fff49bfd000 	/System/Library/PrivateFrameworks/DebugSymbols.framework/Versions/A/DebugSymbols
0x00007fff495e0000 	/System/Library/PrivateFrameworks/CoreSymbolication.framework/Versions/A/CoreSymbolication
0x00007fff58a1c000 	/System/Library/PrivateFrameworks/Symbolication.framework/Versions/A/Symbolication
0x00007fff45418000 	/System/Library/PrivateFrameworks/AppleFSCompression.framework/Versions/A/AppleFSCompression
0x00007fff57e6b000 	/System/Library/PrivateFrameworks/SpeechRecognitionCore.framework/Versions/A/SpeechRecognitionCore
0x0000000100a00000 	/Library/Java/JavaVirtualMachines/jdk-9.0.1.jdk/Contents/Home/lib/server/libjvm.dylib
0x00007fff5d15b000 	/usr/lib/libstdc++.6.0.9.dylib
0x000000010015f000 	/Library/Java/JavaVirtualMachines/jdk-9.0.1.jdk/Contents/Home/lib/libverify.dylib
0x000000010016c000 	/Library/Java/JavaVirtualMachines/jdk-9.0.1.jdk/Contents/Home/lib/libjava.dylib
0x00000001001a2000 	/Library/Java/JavaVirtualMachines/jdk-9.0.1.jdk/Contents/Home/lib/libjdwp.dylib
0x00000001001df000 	/Library/Java/JavaVirtualMachines/jdk-9.0.1.jdk/Contents/Home/lib/libinstrument.dylib
0x000000010171b000 	/Library/Java/JavaVirtualMachines/jdk-9.0.1.jdk/Contents/Home/lib/libzip.dylib
0x0000000101723000 	/Library/Java/JavaVirtualMachines/jdk-9.0.1.jdk/Contents/Home/lib/libjimage.dylib
0x0000000102635000 	/Library/Java/JavaVirtualMachines/jdk-9.0.1.jdk/Contents/Home/lib/libnio.dylib
0x0000000102645000 	/Library/Java/JavaVirtualMachines/jdk-9.0.1.jdk/Contents/Home/lib/./libnet.dylib
0x000000010267e000 	/Library/Java/JavaVirtualMachines/jdk-9.0.1.jdk/Contents/Home/lib/libdt_socket.dylib
0x0000000124d07000 	/Library/Java/JavaVirtualMachines/jdk-9.0.1.jdk/Contents/Home/lib/libawt.dylib
0x0000000124dac000 	/Library/Java/JavaVirtualMachines/jdk-9.0.1.jdk/Contents/Home/lib/./libmlib_image.dylib
0x00007fff38fbb000 	/System/Library/Frameworks/JavaVM.framework/Versions/A/Frameworks/JavaNativeFoundation.framework/Versions/A/JavaNativeFoundation
0x00007fff38fc4000 	/System/Library/Frameworks/JavaVM.framework/Versions/A/Frameworks/JavaRuntimeSupport.framework/Versions/A/JavaRuntimeSupport
0x00007fff38fcd000 	/System/Library/Frameworks/JavaVM.framework/Versions/A/JavaVM
0x00007fff4ffa5000 	/System/Library/PrivateFrameworks/JavaLaunching.framework/Versions/A/JavaLaunching
0x00007fff34566000 	/System/Library/Frameworks/Carbon.framework/Versions/A/Carbon
0x00007fff34567000 	/System/Library/Frameworks/Carbon.framework/Versions/A/Frameworks/CommonPanels.framework/Versions/A/CommonPanels
0x00007fff34871000 	/System/Library/Frameworks/Carbon.framework/Versions/A/Frameworks/Help.framework/Versions/A/Help
0x00007fff34875000 	/System/Library/Frameworks/Carbon.framework/Versions/A/Frameworks/ImageCapture.framework/Versions/A/ImageCapture
0x00007fff34911000 	/System/Library/Frameworks/Carbon.framework/Versions/A/Frameworks/OpenScripting.framework/Versions/A/OpenScripting
0x00007fff3494c000 	/System/Library/Frameworks/Carbon.framework/Versions/A/Frameworks/Print.framework/Versions/A/Print
0x00007fff3494e000 	/System/Library/Frameworks/Carbon.framework/Versions/A/Frameworks/SecurityHI.framework/Versions/A/SecurityHI
0x0000000124e1a000 	/Library/Java/JavaVirtualMachines/jdk-9.0.1.jdk/Contents/Home/lib/libawt_lwawt.dylib
0x0000000124eda000 	/Library/Java/JavaVirtualMachines/jdk-9.0.1.jdk/Contents/Home/lib/./libosxapp.dylib
0x00007fff3735a000 	/System/Library/Frameworks/ExceptionHandling.framework/Versions/A/ExceptionHandling
0x0000000125225000 	/Library/Java/JavaVirtualMachines/jdk-9.0.1.jdk/Contents/Home/lib/libfontmanager.dylib
0x00007fff49273000 	/System/Library/PrivateFrameworks/CoreServicesInternal.framework/Versions/A/CoreServicesInternal
0x00007fff2d7e6000 	/System/Library/CoreServices/RawCamera.bundle/Contents/MacOS/RawCamera
0x00007fff50f37000 	/System/Library/PrivateFrameworks/MobileAsset.framework/Versions/A/MobileAsset
0x00007fff58323000 	/System/Library/PrivateFrameworks/StreamingZip.framework/Versions/A/StreamingZip
0x00007fff3935c000 	/System/Library/Frameworks/MediaToolbox.framework/Versions/A/MediaToolbox
0x00007fff47fc7000 	/System/Library/PrivateFrameworks/CoreAVCHD.framework/Versions/A/CoreAVCHD
0x00007fff392a9000 	/System/Library/Frameworks/MediaAccessibility.framework/Versions/A/MediaAccessibility
0x00007fff509e5000 	/System/Library/PrivateFrameworks/Mangrove.framework/Versions/A/Mangrove
0x00007fff36260000 	/System/Library/Frameworks/CoreMedia.framework/Versions/A/CoreMedia
0x00007fff41a04000 	/System/Library/Frameworks/VideoToolbox.framework/Versions/A/VideoToolbox
0x00007fff47bbe000 	/System/Library/PrivateFrameworks/CoreAUC.framework/Versions/A/CoreAUC
0x00007fff5cec4000 	/usr/lib/libspindump.dylib
0x00007fff456e1000 	/System/Library/PrivateFrameworks/AppleVA.framework/Versions/A/AppleVA
0x00007fff317a8000 	/System/Library/Frameworks/Accelerate.framework/Versions/A/Frameworks/vImage.framework/Versions/A/Libraries/libCGInterfaces.dylib
0x00007fff339ce000 	/System/Library/Frameworks/ApplicationServices.framework/Versions/A/Frameworks/ATS.framework/Versions/A/Resources/libTrueTypeScaler.dylib
0x00007fff2f1c9000 	/System/Library/Extensions/AppleIntelKBLGraphicsMTLDriver.bundle/Contents/MacOS/AppleIntelKBLGraphicsMTLDriver
0x00007fff4cc0e000 	/System/Library/PrivateFrameworks/GPUCompiler.framework/Versions/3802/Libraries/libmetal_timestamp.dylib
0x00000001250b5000 	/Library/Java/JavaVirtualMachines/jdk-9.0.1.jdk/Contents/Home/lib/libosxui.dylib
0x00007fff3f782000 	/System/Library/Frameworks/OpenGL.framework/Versions/A/Resources/GLEngine.bundle/GLEngine
0x00007fff3ec4f000 	/System/Library/Frameworks/OpenGL.framework/Versions/A/Libraries/libGLProgrammability.dylib
0x0000000128ccd000 	/System/Library/Extensions/AppleIntelKBLGraphicsGLDriver.bundle/Contents/MacOS/AppleIntelKBLGraphicsGLDriver
0x00007fff4e26e000 	/System/Library/PrivateFrameworks/GPUSupport.framework/Versions/A/Libraries/libGPUSupportMercury.dylib
0x00007fff3f91a000 	/System/Library/Frameworks/OpenGL.framework/Versions/A/Resources/GLRendererFloat.bundle/GLRendererFloat
0x00007fff3d9f0000 	/System/Library/Frameworks/OpenCL.framework/Versions/A/Libraries/libcldcpuengine.dylib
0x00007fff5ba26000 	/usr/lib/libcrypto.35.dylib
0x00007fff5938d000 	/System/Library/PrivateFrameworks/TrustEvaluationAgent.framework/Versions/A/TrustEvaluationAgent
0x00007fff5a218000 	/System/Library/PrivateFrameworks/ViewBridge.framework/Versions/A/ViewBridge

VM Arguments:
jvm_args: -agentlib:jdwp=transport=dt_socket,address=127.0.0.1:52822,suspend=y,server=n -javaagent:/Users/Binh.Nguyen/Library/Caches/IntelliJIdea2018.1/captureAgent/debugger-agent.jar=file:/private/var/folders/c_/21zj73b14msgxcm9kxxr5_g80000gp/T/capture.props -Dfile.encoding=UTF-8 
java_command: hcmus.App
java_class_path (initial): /Users/Binh.Nguyen/Documents/nnbinh/hcmus/DA_SOCKET_MMTNC_HCMUS/src/server/target/classes:/Users/Binh.Nguyen/Documents/nnbinh/hcmus/DA_SOCKET_MMTNC_HCMUS/src/flexibleBase/target/classes:/Applications/IntelliJ IDEA.app/Contents/lib/idea_rt.jar
Launcher Type: SUN_STANDARD

Logging:
Log output configuration:
#0: stdout all=warning uptime,level,tags
#1: stderr all=off uptime,level,tags

Environment Variables:
PATH=/usr/local/opt/node@8/bin:/Users/Binh.Nguyen/.rbenv/shims:/Users/Binh.Nguyen/.rbenv/shims:/Users/Binh.Nguyen/Library/Android/sdk/platform-tools:/Users/Binh.Nguyen/Documents/library/flutter/flutter/bin:/usr/local/bin:/usr/bin:/bin:/usr/sbin:/sbin
SHELL=/bin/bash

Signal Handlers:
SIGSEGV: [libjvm.dylib+0x73e2dc], sa_mask[0]=11111111011111110111111111111111, sa_flags=SA_ONSTACK|SA_RESTART|SA_SIGINFO
SIGBUS: [libjvm.dylib+0x73e2dc], sa_mask[0]=11111111011111110111111111111111, sa_flags=SA_RESTART|SA_SIGINFO
SIGFPE: [libjvm.dylib+0x73e2dc], sa_mask[0]=11111111011111110111111111111111, sa_flags=SA_RESTART|SA_SIGINFO
SIGPIPE: [libjvm.dylib+0x5f15ac], sa_mask[0]=11111111011111110111111111111111, sa_flags=SA_RESTART|SA_SIGINFO
SIGXFSZ: [libjvm.dylib+0x5f15ac], sa_mask[0]=11111111011111110111111111111111, sa_flags=SA_RESTART|SA_SIGINFO
SIGILL: [libjvm.dylib+0x73e2dc], sa_mask[0]=11111111011111110111111111111111, sa_flags=SA_RESTART|SA_SIGINFO
SIGUSR2: [libjvm.dylib+0x5f1e3c], sa_mask[0]=00100000000000000000000000000000, sa_flags=SA_RESTART|SA_SIGINFO
SIGHUP: [libjvm.dylib+0x5f0679], sa_mask[0]=11111111011111110111111111111111, sa_flags=SA_RESTART|SA_SIGINFO
SIGINT: [libjvm.dylib+0x5f0679], sa_mask[0]=11111111011111110111111111111111, sa_flags=SA_RESTART|SA_SIGINFO
SIGTERM: [libjvm.dylib+0x5f0679], sa_mask[0]=11111111011111110111111111111111, sa_flags=SA_RESTART|SA_SIGINFO
SIGQUIT: [libjvm.dylib+0x5f0679], sa_mask[0]=11111111011111110111111111111111, sa_flags=SA_RESTART|SA_SIGINFO


---------------  S Y S T E M  ---------------

OS:uname:Darwin 17.5.0 Darwin Kernel Version 17.5.0: Fri Apr 13 19:32:32 PDT 2018; root:xnu-4570.51.2~1/RELEASE_X86_64 x86_64
rlimit: STACK 8192k, CORE 0k, NPROC 709, NOFILE 10240, AS infinity
load average:8.69 7.10 6.17

CPU:total 4 (initial active 4) (2 cores per cpu, 2 threads per core) family 6 model 142 stepping 9, cmov, cx8, fxsr, mmx, sse, sse2, sse3, ssse3, sse4.1, sse4.2, popcnt, avx, avx2, aes, clmul, erms, rtm, 3dnowpref, lzcnt, ht, tsc, tscinvbit, bmi1, bmi2, adx, fma

Memory: 4k page, physical 8388608k(62220k free)

vm_info: Java HotSpot(TM) 64-Bit Server VM (9.0.1+11) for bsd-amd64 JRE (9.0.1+11), built on Sep 28 2017 03:49:57 by "mach5one" with gcc 4.2.1 Compatible Apple LLVM 6.1.0 (clang-602.0.49)

END.
